<?xml version="1.0" encoding="UTF-8"?>
<testng-results ignored="0" total="1" passed="1" failed="0" skipped="0">
  <reporter-output>
  </reporter-output>
  <suite started-at="2024-02-29T23:57:08 IST" name="Suite" finished-at="2024-02-29T23:57:13 IST" duration-ms="4312">
    <groups>
    </groups>
    <test started-at="2024-02-29T23:57:08 IST" name="Test" finished-at="2024-02-29T23:57:13 IST" duration-ms="4312">
      <class name="DataDriven.ReadData">
        <test-method signature="fblogin()[pri:0, instance:DataDriven.ReadData@120f102b]" started-at="2024-02-29T23:57:08 IST" name="fblogin" finished-at="2024-02-29T23:57:13 IST" duration-ms="4276" status="PASS">
          <reporter-output>
          </reporter-output>
        </test-method> <!-- fblogin -->
      </class> <!-- DataDriven.ReadData -->
    </test> <!-- Test -->
  </suite> <!-- Suite -->
</testng-results>
